<?xml version="1.0" encoding="UTF-8"?>
<testng-results skipped="0" failed="0" ignored="0" total="8" passed="8">
  <reporter-output>
  </reporter-output>
  <suite name="Default suite" duration-ms="3191" started-at="2019-11-26T11:05:05Z" finished-at="2019-11-26T11:05:09Z">
    <groups>
    </groups>
    <test name="Default test" duration-ms="3191" started-at="2019-11-26T11:05:05Z" finished-at="2019-11-26T11:05:09Z">
      <class name="com.employeeapi.testCases.TC001_Get_All_Employees">
        <test-method status="PASS" signature="setup()[pri:0, instance:com.employeeapi.testCases.TC001_Get_All_Employees@29774679]" name="setup" is-config="true" duration-ms="91" started-at="2019-11-26T11:05:05Z" finished-at="2019-11-26T11:05:06Z">
          <reporter-output>
          </reporter-output>
        </test-method> <!-- setup -->
        <test-method status="PASS" signature="getAllEmployees()[pri:0, instance:com.employeeapi.testCases.TC001_Get_All_Employees@29774679]" name="getAllEmployees" is-config="true" duration-ms="3027" started-at="2019-11-26T11:05:06Z" finished-at="2019-11-26T11:05:09Z">
          <reporter-output>
          </reporter-output>
        </test-method> <!-- getAllEmployees -->
        <test-method status="PASS" signature="checkContentType()[pri:0, instance:com.employeeapi.testCases.TC001_Get_All_Employees@29774679]" name="checkContentType" duration-ms="6" started-at="2019-11-26T11:05:09Z" finished-at="2019-11-26T11:05:09Z">
          <reporter-output>
          </reporter-output>
        </test-method> <!-- checkContentType -->
        <test-method status="PASS" signature="checkCookies()[pri:0, instance:com.employeeapi.testCases.TC001_Get_All_Employees@29774679]" name="checkCookies" duration-ms="2" started-at="2019-11-26T11:05:09Z" finished-at="2019-11-26T11:05:09Z">
          <reporter-output>
          </reporter-output>
        </test-method> <!-- checkCookies -->
        <test-method status="PASS" signature="checkResponseTime()[pri:0, instance:com.employeeapi.testCases.TC001_Get_All_Employees@29774679]" name="checkResponseTime" duration-ms="2" started-at="2019-11-26T11:05:09Z" finished-at="2019-11-26T11:05:09Z">
          <reporter-output>
          </reporter-output>
        </test-method> <!-- checkResponseTime -->
        <test-method status="PASS" signature="checkResposeBody()[pri:0, instance:com.employeeapi.testCases.TC001_Get_All_Employees@29774679]" name="checkResposeBody" duration-ms="32" started-at="2019-11-26T11:05:09Z" finished-at="2019-11-26T11:05:09Z">
          <reporter-output>
          </reporter-output>
        </test-method> <!-- checkResposeBody -->
        <test-method status="PASS" signature="checkStatusCode()[pri:0, instance:com.employeeapi.testCases.TC001_Get_All_Employees@29774679]" name="checkStatusCode" duration-ms="1" started-at="2019-11-26T11:05:09Z" finished-at="2019-11-26T11:05:09Z">
          <reporter-output>
          </reporter-output>
        </test-method> <!-- checkStatusCode -->
        <test-method status="PASS" signature="checkcontentEncoding()[pri:0, instance:com.employeeapi.testCases.TC001_Get_All_Employees@29774679]" name="checkcontentEncoding" duration-ms="1" started-at="2019-11-26T11:05:09Z" finished-at="2019-11-26T11:05:09Z">
          <reporter-output>
          </reporter-output>
        </test-method> <!-- checkcontentEncoding -->
        <test-method status="PASS" signature="checkserverType()[pri:0, instance:com.employeeapi.testCases.TC001_Get_All_Employees@29774679]" name="checkserverType" duration-ms="0" started-at="2019-11-26T11:05:09Z" finished-at="2019-11-26T11:05:09Z">
          <reporter-output>
          </reporter-output>
        </test-method> <!-- checkserverType -->
        <test-method status="PASS" signature="checkstatusLine()[pri:0, instance:com.employeeapi.testCases.TC001_Get_All_Employees@29774679]" name="checkstatusLine" duration-ms="3" started-at="2019-11-26T11:05:09Z" finished-at="2019-11-26T11:05:09Z">
          <reporter-output>
          </reporter-output>
        </test-method> <!-- checkstatusLine -->
        <test-method status="PASS" signature="tearDown()[pri:0, instance:com.employeeapi.testCases.TC001_Get_All_Employees@29774679]" name="tearDown" is-config="true" duration-ms="1" started-at="2019-11-26T11:05:09Z" finished-at="2019-11-26T11:05:09Z">
          <reporter-output>
          </reporter-output>
        </test-method> <!-- tearDown -->
      </class> <!-- com.employeeapi.testCases.TC001_Get_All_Employees -->
    </test> <!-- Default test -->
  </suite> <!-- Default suite -->
</testng-results>
