<?xml version="1.0" encoding="UTF-8"?>
<testng-results skipped="0" failed="1" ignored="0" total="30" passed="29">
  <reporter-output>
  </reporter-output>
  <suite name="EmployeesRestAPISuite" duration-ms="27741" started-at="2019-11-26T12:58:41Z" finished-at="2019-11-26T12:59:08Z">
    <groups>
    </groups>
    <test name="EmployeesRestAPITest" duration-ms="27741" started-at="2019-11-26T12:58:41Z" finished-at="2019-11-26T12:59:08Z">
      <class name="com.employeeapi.testCases.TC003_Post_Employee_Record">
        <test-method status="PASS" signature="setup()[pri:0, instance:com.employeeapi.testCases.TC003_Post_Employee_Record@5594a1b5]" name="setup" is-config="true" duration-ms="2" started-at="2019-11-26T12:58:52Z" finished-at="2019-11-26T12:58:52Z">
          <reporter-output>
          </reporter-output>
        </test-method> <!-- setup -->
        <test-method status="PASS" signature="createEmployee()[pri:0, instance:com.employeeapi.testCases.TC003_Post_Employee_Record@5594a1b5]" name="createEmployee" is-config="true" duration-ms="5662" started-at="2019-11-26T12:58:52Z" finished-at="2019-11-26T12:58:58Z">
          <reporter-output>
          </reporter-output>
        </test-method> <!-- createEmployee -->
        <test-method status="PASS" signature="checkContentType()[pri:0, instance:com.employeeapi.testCases.TC003_Post_Employee_Record@5594a1b5]" name="checkContentType" duration-ms="1" started-at="2019-11-26T12:58:58Z" finished-at="2019-11-26T12:58:58Z">
          <reporter-output>
          </reporter-output>
        </test-method> <!-- checkContentType -->
        <test-method status="PASS" signature="checkResposeBody()[pri:0, instance:com.employeeapi.testCases.TC003_Post_Employee_Record@5594a1b5]" name="checkResposeBody" duration-ms="1" started-at="2019-11-26T12:58:58Z" finished-at="2019-11-26T12:58:58Z">
          <reporter-output>
          </reporter-output>
        </test-method> <!-- checkResposeBody -->
        <test-method status="PASS" signature="checkStatusCode()[pri:0, instance:com.employeeapi.testCases.TC003_Post_Employee_Record@5594a1b5]" name="checkStatusCode" duration-ms="0" started-at="2019-11-26T12:58:58Z" finished-at="2019-11-26T12:58:58Z">
          <reporter-output>
          </reporter-output>
        </test-method> <!-- checkStatusCode -->
        <test-method status="PASS" signature="checkserverType()[pri:0, instance:com.employeeapi.testCases.TC003_Post_Employee_Record@5594a1b5]" name="checkserverType" duration-ms="1" started-at="2019-11-26T12:58:58Z" finished-at="2019-11-26T12:58:58Z">
          <reporter-output>
          </reporter-output>
        </test-method> <!-- checkserverType -->
        <test-method status="PASS" signature="checkstatusLine()[pri:0, instance:com.employeeapi.testCases.TC003_Post_Employee_Record@5594a1b5]" name="checkstatusLine" duration-ms="0" started-at="2019-11-26T12:58:58Z" finished-at="2019-11-26T12:58:58Z">
          <reporter-output>
          </reporter-output>
        </test-method> <!-- checkstatusLine -->
        <test-method status="PASS" signature="tearDown()[pri:0, instance:com.employeeapi.testCases.TC003_Post_Employee_Record@5594a1b5]" name="tearDown" is-config="true" duration-ms="1" started-at="2019-11-26T12:58:58Z" finished-at="2019-11-26T12:58:58Z">
          <reporter-output>
          </reporter-output>
        </test-method> <!-- tearDown -->
      </class> <!-- com.employeeapi.testCases.TC003_Post_Employee_Record -->
      <class name="com.employeeapi.testCases.TC001_Get_All_Employees">
        <test-method status="PASS" signature="setup()[pri:0, instance:com.employeeapi.testCases.TC001_Get_All_Employees@43a25848]" name="setup" is-config="true" duration-ms="34" started-at="2019-11-26T12:58:41Z" finished-at="2019-11-26T12:58:41Z">
          <reporter-output>
          </reporter-output>
        </test-method> <!-- setup -->
        <test-method status="PASS" signature="getAllEmployees()[pri:0, instance:com.employeeapi.testCases.TC001_Get_All_Employees@43a25848]" name="getAllEmployees" is-config="true" duration-ms="2788" started-at="2019-11-26T12:58:41Z" finished-at="2019-11-26T12:58:44Z">
          <reporter-output>
          </reporter-output>
        </test-method> <!-- getAllEmployees -->
        <test-method status="PASS" signature="checkContentType()[pri:0, instance:com.employeeapi.testCases.TC001_Get_All_Employees@43a25848]" name="checkContentType" duration-ms="4" started-at="2019-11-26T12:58:44Z" finished-at="2019-11-26T12:58:44Z">
          <reporter-output>
          </reporter-output>
        </test-method> <!-- checkContentType -->
        <test-method status="PASS" signature="checkCookies()[pri:0, instance:com.employeeapi.testCases.TC001_Get_All_Employees@43a25848]" name="checkCookies" duration-ms="2" started-at="2019-11-26T12:58:44Z" finished-at="2019-11-26T12:58:44Z">
          <reporter-output>
          </reporter-output>
        </test-method> <!-- checkCookies -->
        <test-method status="PASS" signature="checkResponseTime()[pri:0, instance:com.employeeapi.testCases.TC001_Get_All_Employees@43a25848]" name="checkResponseTime" duration-ms="1" started-at="2019-11-26T12:58:44Z" finished-at="2019-11-26T12:58:44Z">
          <reporter-output>
          </reporter-output>
        </test-method> <!-- checkResponseTime -->
        <test-method status="PASS" signature="checkResposeBody()[pri:0, instance:com.employeeapi.testCases.TC001_Get_All_Employees@43a25848]" name="checkResposeBody" duration-ms="59" started-at="2019-11-26T12:58:44Z" finished-at="2019-11-26T12:58:44Z">
          <reporter-output>
          </reporter-output>
        </test-method> <!-- checkResposeBody -->
        <test-method status="PASS" signature="checkStatusCode()[pri:0, instance:com.employeeapi.testCases.TC001_Get_All_Employees@43a25848]" name="checkStatusCode" duration-ms="2" started-at="2019-11-26T12:58:44Z" finished-at="2019-11-26T12:58:44Z">
          <reporter-output>
          </reporter-output>
        </test-method> <!-- checkStatusCode -->
        <test-method status="PASS" signature="checkcontentEncoding()[pri:0, instance:com.employeeapi.testCases.TC001_Get_All_Employees@43a25848]" name="checkcontentEncoding" duration-ms="1" started-at="2019-11-26T12:58:44Z" finished-at="2019-11-26T12:58:44Z">
          <reporter-output>
          </reporter-output>
        </test-method> <!-- checkcontentEncoding -->
        <test-method status="PASS" signature="checkserverType()[pri:0, instance:com.employeeapi.testCases.TC001_Get_All_Employees@43a25848]" name="checkserverType" duration-ms="1" started-at="2019-11-26T12:58:44Z" finished-at="2019-11-26T12:58:44Z">
          <reporter-output>
          </reporter-output>
        </test-method> <!-- checkserverType -->
        <test-method status="PASS" signature="checkstatusLine()[pri:0, instance:com.employeeapi.testCases.TC001_Get_All_Employees@43a25848]" name="checkstatusLine" duration-ms="5" started-at="2019-11-26T12:58:44Z" finished-at="2019-11-26T12:58:44Z">
          <reporter-output>
          </reporter-output>
        </test-method> <!-- checkstatusLine -->
        <test-method status="PASS" signature="tearDown()[pri:0, instance:com.employeeapi.testCases.TC001_Get_All_Employees@43a25848]" name="tearDown" is-config="true" duration-ms="2" started-at="2019-11-26T12:58:44Z" finished-at="2019-11-26T12:58:44Z">
          <reporter-output>
          </reporter-output>
        </test-method> <!-- tearDown -->
      </class> <!-- com.employeeapi.testCases.TC001_Get_All_Employees -->
      <class name="com.employeeapi.testCases.TC005_Delete_Employee_Record">
        <test-method status="PASS" signature="setup()[pri:0, instance:com.employeeapi.testCases.TC005_Delete_Employee_Record@3b6eb2ec]" name="setup" is-config="true" duration-ms="6" started-at="2019-11-26T12:59:03Z" finished-at="2019-11-26T12:59:03Z">
          <reporter-output>
          </reporter-output>
        </test-method> <!-- setup -->
        <test-method status="PASS" signature="deleteEmployee()[pri:0, instance:com.employeeapi.testCases.TC005_Delete_Employee_Record@3b6eb2ec]" name="deleteEmployee" is-config="true" duration-ms="5019" started-at="2019-11-26T12:59:03Z" finished-at="2019-11-26T12:59:08Z">
          <reporter-output>
          </reporter-output>
        </test-method> <!-- deleteEmployee -->
        <test-method status="PASS" signature="checkResposeBody()[pri:0, instance:com.employeeapi.testCases.TC005_Delete_Employee_Record@3b6eb2ec]" name="checkResposeBody" duration-ms="1" started-at="2019-11-26T12:59:08Z" finished-at="2019-11-26T12:59:08Z">
          <reporter-output>
          </reporter-output>
        </test-method> <!-- checkResposeBody -->
        <test-method status="PASS" signature="checkContentType()[pri:0, instance:com.employeeapi.testCases.TC005_Delete_Employee_Record@3b6eb2ec]" name="checkContentType" duration-ms="0" started-at="2019-11-26T12:59:08Z" finished-at="2019-11-26T12:59:08Z">
          <reporter-output>
          </reporter-output>
        </test-method> <!-- checkContentType -->
        <test-method status="PASS" signature="checkStatusCode()[pri:0, instance:com.employeeapi.testCases.TC005_Delete_Employee_Record@3b6eb2ec]" name="checkStatusCode" duration-ms="1" started-at="2019-11-26T12:59:08Z" finished-at="2019-11-26T12:59:08Z">
          <reporter-output>
          </reporter-output>
        </test-method> <!-- checkStatusCode -->
        <test-method status="PASS" signature="checkserverType()[pri:0, instance:com.employeeapi.testCases.TC005_Delete_Employee_Record@3b6eb2ec]" name="checkserverType" duration-ms="0" started-at="2019-11-26T12:59:08Z" finished-at="2019-11-26T12:59:08Z">
          <reporter-output>
          </reporter-output>
        </test-method> <!-- checkserverType -->
        <test-method status="PASS" signature="checkstatusLine()[pri:0, instance:com.employeeapi.testCases.TC005_Delete_Employee_Record@3b6eb2ec]" name="checkstatusLine" duration-ms="0" started-at="2019-11-26T12:59:08Z" finished-at="2019-11-26T12:59:08Z">
          <reporter-output>
          </reporter-output>
        </test-method> <!-- checkstatusLine -->
        <test-method status="PASS" signature="tearDown()[pri:0, instance:com.employeeapi.testCases.TC005_Delete_Employee_Record@3b6eb2ec]" name="tearDown" is-config="true" duration-ms="0" started-at="2019-11-26T12:59:08Z" finished-at="2019-11-26T12:59:08Z">
          <reporter-output>
          </reporter-output>
        </test-method> <!-- tearDown -->
      </class> <!-- com.employeeapi.testCases.TC005_Delete_Employee_Record -->
      <class name="com.employeeapi.testCases.TC004_Put_Employee_Record">
        <test-method status="PASS" signature="setup()[pri:0, instance:com.employeeapi.testCases.TC004_Put_Employee_Record@6a5fc7f7]" name="setup" is-config="true" duration-ms="6" started-at="2019-11-26T12:58:58Z" finished-at="2019-11-26T12:58:58Z">
          <reporter-output>
          </reporter-output>
        </test-method> <!-- setup -->
        <test-method status="PASS" signature="updateEmployee()[pri:0, instance:com.employeeapi.testCases.TC004_Put_Employee_Record@6a5fc7f7]" name="updateEmployee" is-config="true" duration-ms="5823" started-at="2019-11-26T12:58:58Z" finished-at="2019-11-26T12:59:03Z">
          <reporter-output>
          </reporter-output>
        </test-method> <!-- updateEmployee -->
        <test-method status="PASS" signature="checkContentType()[pri:0, instance:com.employeeapi.testCases.TC004_Put_Employee_Record@6a5fc7f7]" name="checkContentType" duration-ms="0" started-at="2019-11-26T12:59:03Z" finished-at="2019-11-26T12:59:03Z">
          <reporter-output>
          </reporter-output>
        </test-method> <!-- checkContentType -->
        <test-method status="FAIL" signature="checkResposeBody()[pri:0, instance:com.employeeapi.testCases.TC004_Put_Employee_Record@6a5fc7f7]" name="checkResposeBody" duration-ms="4" started-at="2019-11-26T12:59:03Z" finished-at="2019-11-26T12:59:03Z">
          <exception class="java.lang.AssertionError">
            <message>
              <![CDATA[expected [true] but found [false]]]>
            </message>
            <full-stacktrace>
              <![CDATA[java.lang.AssertionError: expected [true] but found [false]
at org.testng.Assert.fail(Assert.java:96)
at org.testng.Assert.failNotEquals(Assert.java:776)
at org.testng.Assert.assertEqualsImpl(Assert.java:137)
at org.testng.Assert.assertEquals(Assert.java:118)
at org.testng.Assert.assertEquals(Assert.java:568)
at org.testng.Assert.assertEquals(Assert.java:578)
at com.employeeapi.testCases.TC004_Put_Employee_Record.checkResposeBody(TC004_Put_Employee_Record.java:72)
at sun.reflect.NativeMethodAccessorImpl.invoke0(Native Method)
at sun.reflect.NativeMethodAccessorImpl.invoke(NativeMethodAccessorImpl.java:62)
at sun.reflect.DelegatingMethodAccessorImpl.invoke(DelegatingMethodAccessorImpl.java:43)
at java.lang.reflect.Method.invoke(Method.java:498)
at org.testng.internal.MethodInvocationHelper.invokeMethod(MethodInvocationHelper.java:124)
at org.testng.internal.Invoker.invokeMethod(Invoker.java:583)
at org.testng.internal.Invoker.invokeTestMethod(Invoker.java:719)
at org.testng.internal.Invoker.invokeTestMethods(Invoker.java:989)
at org.testng.internal.TestMethodWorker.invokeTestMethods(TestMethodWorker.java:125)
at org.testng.internal.TestMethodWorker.run(TestMethodWorker.java:109)
at org.testng.TestRunner.privateRun(TestRunner.java:648)
at org.testng.TestRunner.run(TestRunner.java:505)
at org.testng.SuiteRunner.runTest(SuiteRunner.java:455)
at org.testng.SuiteRunner.runSequentially(SuiteRunner.java:450)
at org.testng.SuiteRunner.privateRun(SuiteRunner.java:415)
at org.testng.SuiteRunner.run(SuiteRunner.java:364)
at org.testng.SuiteRunnerWorker.runSuite(SuiteRunnerWorker.java:52)
at org.testng.SuiteRunnerWorker.run(SuiteRunnerWorker.java:84)
at org.testng.TestNG.runSuitesSequentially(TestNG.java:1208)
at org.testng.TestNG.runSuitesLocally(TestNG.java:1137)
at org.testng.TestNG.runSuites(TestNG.java:1049)
at org.testng.TestNG.run(TestNG.java:1017)
at org.apache.maven.surefire.testng.TestNGExecutor.run(TestNGExecutor.java:295)
at org.apache.maven.surefire.testng.TestNGXmlTestSuite.execute(TestNGXmlTestSuite.java:84)
at org.apache.maven.surefire.testng.TestNGProvider.invoke(TestNGProvider.java:90)
at org.apache.maven.surefire.booter.ForkedBooter.invokeProviderInSameClassLoader(ForkedBooter.java:203)
at org.apache.maven.surefire.booter.ForkedBooter.runSuitesInProcess(ForkedBooter.java:155)
at org.apache.maven.surefire.booter.ForkedBooter.main(ForkedBooter.java:103)
]]>
            </full-stacktrace>
          </exception> <!-- java.lang.AssertionError -->
          <reporter-output>
          </reporter-output>
        </test-method> <!-- checkResposeBody -->
        <test-method status="PASS" signature="checkStatusCode()[pri:0, instance:com.employeeapi.testCases.TC004_Put_Employee_Record@6a5fc7f7]" name="checkStatusCode" duration-ms="1" started-at="2019-11-26T12:59:03Z" finished-at="2019-11-26T12:59:03Z">
          <reporter-output>
          </reporter-output>
        </test-method> <!-- checkStatusCode -->
        <test-method status="PASS" signature="checkserverType()[pri:0, instance:com.employeeapi.testCases.TC004_Put_Employee_Record@6a5fc7f7]" name="checkserverType" duration-ms="1" started-at="2019-11-26T12:59:03Z" finished-at="2019-11-26T12:59:03Z">
          <reporter-output>
          </reporter-output>
        </test-method> <!-- checkserverType -->
        <test-method status="PASS" signature="checkstatusLine()[pri:0, instance:com.employeeapi.testCases.TC004_Put_Employee_Record@6a5fc7f7]" name="checkstatusLine" duration-ms="0" started-at="2019-11-26T12:59:03Z" finished-at="2019-11-26T12:59:03Z">
          <reporter-output>
          </reporter-output>
        </test-method> <!-- checkstatusLine -->
        <test-method status="PASS" signature="tearDown()[pri:0, instance:com.employeeapi.testCases.TC004_Put_Employee_Record@6a5fc7f7]" name="tearDown" is-config="true" duration-ms="1" started-at="2019-11-26T12:59:03Z" finished-at="2019-11-26T12:59:03Z">
          <reporter-output>
          </reporter-output>
        </test-method> <!-- tearDown -->
      </class> <!-- com.employeeapi.testCases.TC004_Put_Employee_Record -->
      <class name="com.employeeapi.testCases.TC002_Get_Single_Employee_Record">
        <test-method status="PASS" signature="setup()[pri:0, instance:com.employeeapi.testCases.TC002_Get_Single_Employee_Record@3ac3fd8b]" name="setup" is-config="true" duration-ms="10" started-at="2019-11-26T12:58:44Z" finished-at="2019-11-26T12:58:44Z">
          <reporter-output>
          </reporter-output>
        </test-method> <!-- setup -->
        <test-method status="PASS" signature="getEmployeeData()[pri:0, instance:com.employeeapi.testCases.TC002_Get_Single_Employee_Record@3ac3fd8b]" name="getEmployeeData" is-config="true" duration-ms="7904" started-at="2019-11-26T12:58:44Z" finished-at="2019-11-26T12:58:52Z">
          <reporter-output>
          </reporter-output>
        </test-method> <!-- getEmployeeData -->
        <test-method status="PASS" signature="checkContentLenght()[pri:0, instance:com.employeeapi.testCases.TC002_Get_Single_Employee_Record@3ac3fd8b]" name="checkContentLenght" duration-ms="0" started-at="2019-11-26T12:58:52Z" finished-at="2019-11-26T12:58:52Z">
          <reporter-output>
          </reporter-output>
        </test-method> <!-- checkContentLenght -->
        <test-method status="PASS" signature="checkResponseTime()[pri:0, instance:com.employeeapi.testCases.TC002_Get_Single_Employee_Record@3ac3fd8b]" name="checkResponseTime" duration-ms="1" started-at="2019-11-26T12:58:52Z" finished-at="2019-11-26T12:58:52Z">
          <reporter-output>
          </reporter-output>
        </test-method> <!-- checkResponseTime -->
        <test-method status="PASS" signature="checkContentType()[pri:0, instance:com.employeeapi.testCases.TC002_Get_Single_Employee_Record@3ac3fd8b]" name="checkContentType" duration-ms="0" started-at="2019-11-26T12:58:52Z" finished-at="2019-11-26T12:58:52Z">
          <reporter-output>
          </reporter-output>
        </test-method> <!-- checkContentType -->
        <test-method status="PASS" signature="checkResposeBody()[pri:0, instance:com.employeeapi.testCases.TC002_Get_Single_Employee_Record@3ac3fd8b]" name="checkResposeBody" duration-ms="1" started-at="2019-11-26T12:58:52Z" finished-at="2019-11-26T12:58:52Z">
          <reporter-output>
          </reporter-output>
        </test-method> <!-- checkResposeBody -->
        <test-method status="PASS" signature="checkStatusCode()[pri:0, instance:com.employeeapi.testCases.TC002_Get_Single_Employee_Record@3ac3fd8b]" name="checkStatusCode" duration-ms="0" started-at="2019-11-26T12:58:52Z" finished-at="2019-11-26T12:58:52Z">
          <reporter-output>
          </reporter-output>
        </test-method> <!-- checkStatusCode -->
        <test-method status="PASS" signature="checkserverType()[pri:0, instance:com.employeeapi.testCases.TC002_Get_Single_Employee_Record@3ac3fd8b]" name="checkserverType" duration-ms="0" started-at="2019-11-26T12:58:52Z" finished-at="2019-11-26T12:58:52Z">
          <reporter-output>
          </reporter-output>
        </test-method> <!-- checkserverType -->
        <test-method status="PASS" signature="checkstatusLine()[pri:0, instance:com.employeeapi.testCases.TC002_Get_Single_Employee_Record@3ac3fd8b]" name="checkstatusLine" duration-ms="0" started-at="2019-11-26T12:58:52Z" finished-at="2019-11-26T12:58:52Z">
          <reporter-output>
          </reporter-output>
        </test-method> <!-- checkstatusLine -->
        <test-method status="PASS" signature="tearDown()[pri:0, instance:com.employeeapi.testCases.TC002_Get_Single_Employee_Record@3ac3fd8b]" name="tearDown" is-config="true" duration-ms="0" started-at="2019-11-26T12:58:52Z" finished-at="2019-11-26T12:58:52Z">
          <reporter-output>
          </reporter-output>
        </test-method> <!-- tearDown -->
      </class> <!-- com.employeeapi.testCases.TC002_Get_Single_Employee_Record -->
    </test> <!-- EmployeesRestAPITest -->
  </suite> <!-- EmployeesRestAPISuite -->
</testng-results>
